<?xml version="1.0" encoding="UTF-8" ?>
<testsuite failures="0" time="120.035" errors="0" skipped="0" tests="9" name="org.mitsi.mitsicore.MitsiCoreOracleTest">
  <properties>
    <property name="java.runtime.name" value="Java(TM) SE Runtime Environment"/>
    <property name="sun.boot.library.path" value="c:\Program Files\Java\jdk1.7.0_07\jre\bin"/>
    <property name="java.vm.version" value="23.3-b01"/>
    <property name="java.vm.vendor" value="Oracle Corporation"/>
    <property name="java.vendor.url" value="http://java.oracle.com/"/>
    <property name="path.separator" value=";"/>
    <property name="guice.disable.misplaced.annotation.check" value="true"/>
    <property name="java.vm.name" value="Java HotSpot(TM) 64-Bit Server VM"/>
    <property name="file.encoding.pkg" value="sun.io"/>
    <property name="user.script" value=""/>
    <property name="user.country" value="FR"/>
    <property name="sun.java.launcher" value="SUN_STANDARD"/>
    <property name="sun.os.patch.level" value=""/>
    <property name="java.vm.specification.name" value="Java Virtual Machine Specification"/>
    <property name="user.dir" value="c:\dev\mitsi\plugins\mitsi-plugin-oracle-light"/>
    <property name="java.runtime.version" value="1.7.0_07-b11"/>
    <property name="java.awt.graphicsenv" value="sun.awt.Win32GraphicsEnvironment"/>
    <property name="java.endorsed.dirs" value="c:\Program Files\Java\jdk1.7.0_07\jre\lib\endorsed"/>
    <property name="os.arch" value="amd64"/>
    <property name="java.io.tmpdir" value="C:\Users\jean\AppData\Local\Temp\"/>
    <property name="line.separator" value="
"/>
    <property name="java.vm.specification.vendor" value="Oracle Corporation"/>
    <property name="user.variant" value=""/>
    <property name="os.name" value="Windows 7"/>
    <property name="classworlds.conf" value="c:/DEV/TOOLS/maven/apache-maven-3.2.3/bin/m2.conf"/>
    <property name="sun.jnu.encoding" value="Cp1252"/>
    <property name="java.library.path" value="c:\Program Files\Java\jdk1.7.0_07\bin;C:\Windows\Sun\Java\bin;C:\Windows\system32;C:\Windows;c:\Users\jean\bin;.;C:\Program Files (x86)\Git\local\bin;C:\Program Files (x86)\Git\mingw\bin;C:\Program Files (x86)\Git\bin;c:\Program Files\Java\jdk1.7.0_07\bin;c:\oracleexe\app\oracle\product\11.2.0\server\bin;c:\Program Files\ImageMagick-6.7.5-Q16;c:\Program Files (x86)\CollabNet\Subversion Server;c:\Program Files (x86)\NVIDIA Corporation\PhysX\Common;c:\Windows\system32;c:\Windows;c:\Windows\System32\Wbem;c:\Windows\System32\WindowsPowerShell\v1.0\;c:\Program Files\Microsoft Windows Performance Toolkit\;c:\Program Files (x86)\QuickTime\QTSystem\;c:\apache\Apache24_php\bin;c:\apache\php-5.6.6-Win32-VC11-x64\;c:\apache\php-5.6.6-Win32-VC11-x64\ext;c:\grails\ggts\grails-2.2.4\bin;C:\Program Files (x86)\Git\cmd;c:\Program Files (x86)\Tesseract-OCR;.;c:\Program Files\Boot2Docker for Windows;c:\DEV\TOOLS\maven\apache-maven-3.2.3\bin;."/>
    <property name="java.specification.name" value="Java Platform API Specification"/>
    <property name="java.class.version" value="51.0"/>
    <property name="sun.management.compiler" value="HotSpot 64-Bit Tiered Compilers"/>
    <property name="os.version" value="6.1"/>
    <property name="user.home" value="C:\Users\jean"/>
    <property name="user.timezone" value="Europe/Paris"/>
    <property name="java.awt.printerjob" value="sun.awt.windows.WPrinterJob"/>
    <property name="java.specification.version" value="1.7"/>
    <property name="file.encoding" value="Cp1252"/>
    <property name="user.name" value="jean"/>
    <property name="java.class.path" value="c:/DEV/TOOLS/maven/apache-maven-3.2.3/boot/plexus-classworlds-2.5.1.jar"/>
    <property name="java.vm.specification.version" value="1.7"/>
    <property name="sun.arch.data.model" value="64"/>
    <property name="java.home" value="c:\Program Files\Java\jdk1.7.0_07\jre"/>
    <property name="sun.java.command" value="org.codehaus.plexus.classworlds.launcher.Launcher clean install"/>
    <property name="java.specification.vendor" value="Oracle Corporation"/>
    <property name="user.language" value="fr"/>
    <property name="awt.toolkit" value="sun.awt.windows.WToolkit"/>
    <property name="java.vm.info" value="mixed mode"/>
    <property name="java.version" value="1.7.0_07"/>
    <property name="java.ext.dirs" value="c:\Program Files\Java\jdk1.7.0_07\jre\lib\ext;C:\Windows\Sun\Java\lib\ext"/>
    <property name="sun.boot.class.path" value="c:\Program Files\Java\jdk1.7.0_07\jre\lib\resources.jar;c:\Program Files\Java\jdk1.7.0_07\jre\lib\rt.jar;c:\Program Files\Java\jdk1.7.0_07\jre\lib\sunrsasign.jar;c:\Program Files\Java\jdk1.7.0_07\jre\lib\jsse.jar;c:\Program Files\Java\jdk1.7.0_07\jre\lib\jce.jar;c:\Program Files\Java\jdk1.7.0_07\jre\lib\charsets.jar;c:\Program Files\Java\jdk1.7.0_07\jre\lib\jfr.jar;c:\Program Files\Java\jdk1.7.0_07\jre\classes"/>
    <property name="java.vendor" value="Oracle Corporation"/>
    <property name="maven.home" value="c:\DEV\TOOLS\maven\apache-maven-3.2.3"/>
    <property name="file.separator" value="\"/>
    <property name="java.vendor.url.bug" value="http://bugreport.sun.com/bugreport/"/>
    <property name="sun.cpu.endian" value="little"/>
    <property name="sun.io.unicode.encoding" value="UnicodeLittle"/>
    <property name="sun.desktop" value="windows"/>
    <property name="sun.cpu.isalist" value="amd64"/>
  </properties>
  <testcase time="114.827" classname="org.mitsi.mitsicore.MitsiCoreOracleTest" name="getIndexes"/>
  <testcase time="0.465" classname="org.mitsi.mitsicore.MitsiCoreOracleTest" name="getDetailsTable"/>
  <testcase time="0.184" classname="org.mitsi.mitsicore.MitsiCoreOracleTest" name="connectOnOtherSchema"/>
  <testcase time="0.087" classname="org.mitsi.mitsicore.MitsiCoreOracleTest" name="getAllSchema"/>
  <testcase time="1.472" classname="org.mitsi.mitsicore.MitsiCoreOracleTest" name="getDetailsSource"/>
  <testcase time="0.081" classname="org.mitsi.mitsicore.MitsiCoreOracleTest" name="getData"/>
  <testcase time="0.004" classname="org.mitsi.mitsicore.MitsiCoreOracleTest" name="DatasourceManagerTest"/>
  <testcase time="2.337" classname="org.mitsi.mitsicore.MitsiCoreOracleTest" name="getTables"/>
  <testcase time="0.578" classname="org.mitsi.mitsicore.MitsiCoreOracleTest" name="getConstraints"/>
</testsuite>